manager/build/outputs/logs/manifest-merger-release-report.txt
-- Merging decision tree log ---
manifest
ADDED from src/main/AndroidManifest.xml:2:1-273:12
	package
		ADDED from src/main/AndroidManifest.xml:3:5-26
		INJECTED from src/main/AndroidManifest.xml
		INJECTED from src/main/AndroidManifest.xml
	android:versionName
		INJECTED from src/main/AndroidManifest.xml
		INJECTED from src/main/AndroidManifest.xml
	xmlns:android
		ADDED from src/main/AndroidManifest.xml:2:11-69
	android:versionCode
		INJECTED from src/main/AndroidManifest.xml
		INJECTED from src/main/AndroidManifest.xml
uses-permission#android.permission.READ_CALENDAR
ADDED from src/main/AndroidManifest.xml:5:5-72
	android:name
		ADDED from src/main/AndroidManifest.xml:5:22-69
uses-permission#android.permission.WRITE_CALENDAR
ADDED from src/main/AndroidManifest.xml:6:5-73
	android:name
		ADDED from src/main/AndroidManifest.xml:6:22-70
uses-permission#android.permission.INTERNET
ADDED from src/main/AndroidManifest.xml:7:5-67
MERGED from [com.google.android.gms:play-services-gcm:8.4.0] AndroidManifest.xml:22:5-67
MERGED from [com.crashlytics.sdk.android:crashlytics:2.6.6] AndroidManifest.xml:9:5-67
MERGED from [com.crashlytics.sdk.android:beta:1.2.3] AndroidManifest.xml:9:5-67
MERGED from [com.crashlytics.sdk.android:crashlytics-core:2.3.15] AndroidManifest.xml:52:5-67
MERGED from [com.crashlytics.sdk.android:answers:1.3.11] AndroidManifest.xml:9:5-67
MERGED from [io.fabric.sdk.android:fabric:1.3.15] AndroidManifest.xml:29:5-67
MERGED from [com.google.android.gms:play-services-measurement:8.4.0] AndroidManifest.xml:21:5-67
	android:name
		ADDED from src/main/AndroidManifest.xml:7:22-64
uses-permission#android.permission.ACCESS_NETWORK_STATE
ADDED from src/main/AndroidManifest.xml:8:5-79
MERGED from [com.google.android.gms:play-services-measurement:8.4.0] AndroidManifest.xml:22:5-79
	android:name
		ADDED from src/main/AndroidManifest.xml:8:22-76
uses-permission#android.permission.READ_PHONE_STATE
ADDED from src/main/AndroidManifest.xml:9:5-75
	android:name
		ADDED from src/main/AndroidManifest.xml:9:22-72
uses-permission#android.permission.ACCESS_WIFI_STATE
ADDED from src/main/AndroidManifest.xml:10:5-76
	android:name
		ADDED from src/main/AndroidManifest.xml:10:22-73
uses-permission#android.permission.GET_ACCOUNTS
ADDED from src/main/AndroidManifest.xml:11:5-71
	android:name
		ADDED from src/main/AndroidManifest.xml:11:22-68
uses-permission#android.permission.WRITE_EXTERNAL_STORAGE
ADDED from src/main/AndroidManifest.xml:12:5-81
	android:name
		ADDED from src/main/AndroidManifest.xml:12:22-78
uses-permission#android.permission.VIBRATE
ADDED from src/main/AndroidManifest.xml:13:5-66
	android:name
		ADDED from src/main/AndroidManifest.xml:13:22-63
uses-permission#android.permission.WAKE_LOCK
ADDED from src/main/AndroidManifest.xml:15:5-68
MERGED from [com.google.android.gms:play-services-measurement:8.4.0] AndroidManifest.xml:24:5-67
	android:name
		ADDED from src/main/AndroidManifest.xml:15:22-65
uses-permission#android.permission.RECEIVE_BOOT_COMPLETED
ADDED from src/main/AndroidManifest.xml:16:5-81
	android:name
		ADDED from src/main/AndroidManifest.xml:16:22-78
uses-permission#android.permission.MANAGE_ACCOUNTS
ADDED from src/main/AndroidManifest.xml:17:5-74
	android:name
		ADDED from src/main/AndroidManifest.xml:17:22-71
uses-permission#android.permission.AUTHENTICATE_ACCOUNTS
ADDED from src/main/AndroidManifest.xml:18:5-80
	android:name
		ADDED from src/main/AndroidManifest.xml:18:22-77
uses-permission#com.google.android.googleapps.permission.GOOGLE_AUTH.mail
ADDED from src/main/AndroidManifest.xml:19:5-97
	android:name
		ADDED from src/main/AndroidManifest.xml:19:22-94
uses-permission#com.google.android.c2dm.permission.RECEIVE
ADDED from src/main/AndroidManifest.xml:20:5-82
MERGED from [com.google.android.gms:play-services-gcm:8.4.0] AndroidManifest.xml:21:5-82
	android:name
		ADDED from src/main/AndroidManifest.xml:20:22-79
permission#ism.manager.permission.C2D_MESSAGE
ADDED from src/main/AndroidManifest.xml:22:5-24:47
	android:protectionLevel
		ADDED from src/main/AndroidManifest.xml:24:9-44
	android:name
		ADDED from src/main/AndroidManifest.xml:23:9-58
uses-permission#ism.manager.permission.C2D_MESSAGE
ADDED from src/main/AndroidManifest.xml:26:5-74
	android:name
		ADDED from src/main/AndroidManifest.xml:26:22-71
application
ADDED from src/main/AndroidManifest.xml:28:5-271:19
MERGED from [com.google.android.gms:play-services-gcm:8.4.0] AndroidManifest.xml:24:5-20
MERGED from [com.android.support:design:23.3.0] AndroidManifest.xml:22:5-20
MERGED from [com.android.support:appcompat-v7:23.3.0] AndroidManifest.xml:25:5-20
MERGED from [com.android.support:animated-vector-drawable:23.3.0] AndroidManifest.xml:7:5-20
MERGED from [com.android.support:support-vector-drawable:23.3.0] AndroidManifest.xml:7:5-20
MERGED from [com.hudomju:swipe-to-dismiss-undo:1.0] AndroidManifest.xml:11:5-12:19
MERGED from [com.crashlytics.sdk.android:crashlytics:2.6.6] AndroidManifest.xml:11:5-20
MERGED from [com.crashlytics.sdk.android:beta:1.2.3] AndroidManifest.xml:11:5-20
MERGED from [com.crashlytics.sdk.android:crashlytics-core:2.3.15] AndroidManifest.xml:54:5-20
MERGED from [com.crashlytics.sdk.android:answers:1.3.11] AndroidManifest.xml:11:5-20
MERGED from [io.fabric.sdk.android:fabric:1.3.15] AndroidManifest.xml:31:5-20
MERGED from [com.google.android.gms:play-services-measurement:8.4.0] AndroidManifest.xml:26:5-46:19
MERGED from [com.google.android.gms:play-services-basement:8.4.0] AndroidManifest.xml:20:5-24:19
MERGED from [com.android.support:support-v4:23.3.0] AndroidManifest.xml:22:5-20
	android:label
		ADDED from src/main/AndroidManifest.xml:32:9-41
	android:supportsRtl
		ADDED from src/main/AndroidManifest.xml:35:9-35
	android:launchMode
		ADDED from src/main/AndroidManifest.xml:34:9-39
	android:allowBackup
		ADDED from src/main/AndroidManifest.xml:30:9-35
	android:icon
		ADDED from src/main/AndroidManifest.xml:31:9-41
	android:largeHeap
		ADDED from src/main/AndroidManifest.xml:33:9-33
	android:theme
		ADDED from src/main/AndroidManifest.xml:36:9-40
	android:name
		ADDED from src/main/AndroidManifest.xml:29:9-49
activity#ism.manager.SplashActivity
ADDED from src/main/AndroidManifest.xml:37:9-72:20
	android:label
		ADDED from src/main/AndroidManifest.xml:40:13-45
	android:configChanges
		ADDED from src/main/AndroidManifest.xml:39:13-59
	android:theme
		ADDED from src/main/AndroidManifest.xml:41:13-56
	android:name
		ADDED from src/main/AndroidManifest.xml:38:13-43
intent-filter#android.intent.action.MAIN+android.intent.category.LAUNCHER
ADDED from src/main/AndroidManifest.xml:42:13-46:29
action#android.intent.action.MAIN
ADDED from src/main/AndroidManifest.xml:43:17-69
	android:name
		ADDED from src/main/AndroidManifest.xml:43:25-66
category#android.intent.category.LAUNCHER
ADDED from src/main/AndroidManifest.xml:45:17-77
	android:name
		ADDED from src/main/AndroidManifest.xml:45:27-74
activity#ism.manager.login.LoginActivity
ADDED from src/main/AndroidManifest.xml:73:9-78:70
	android:label
		ADDED from src/main/AndroidManifest.xml:77:13-57
	android:windowSoftInputMode
		ADDED from src/main/AndroidManifest.xml:78:13-67
	android:configChanges
		ADDED from src/main/AndroidManifest.xml:75:13-74
	android:icon
		ADDED from src/main/AndroidManifest.xml:76:13-43
	android:name
		ADDED from src/main/AndroidManifest.xml:74:13-48
activity#ism.manager.MainActivity
ADDED from src/main/AndroidManifest.xml:79:9-83:70
	android:windowSoftInputMode
		ADDED from src/main/AndroidManifest.xml:83:13-67
	android:icon
		ADDED from src/main/AndroidManifest.xml:81:13-43
	android:theme
		ADDED from src/main/AndroidManifest.xml:82:13-56
	android:name
		ADDED from src/main/AndroidManifest.xml:80:13-41
activity#ism.manager.login.ForgotPasswordActivity
ADDED from src/main/AndroidManifest.xml:84:9-92:20
	android:label
		ADDED from src/main/AndroidManifest.xml:87:13-67
	android:windowSoftInputMode
		ADDED from src/main/AndroidManifest.xml:88:13-67
	android:configChanges
		ADDED from src/main/AndroidManifest.xml:86:13-74
	android:name
		ADDED from src/main/AndroidManifest.xml:85:13-57
meta-data#android.support.PARENT_ACTIVITY
ADDED from src/main/AndroidManifest.xml:89:13-91:67
	android:value
		ADDED from src/main/AndroidManifest.xml:91:17-64
	android:name
		ADDED from src/main/AndroidManifest.xml:90:17-63
activity#ism.manager.login.AgreementActivity
ADDED from src/main/AndroidManifest.xml:93:9-97:70
	android:label
		ADDED from src/main/AndroidManifest.xml:96:13-46
	android:windowSoftInputMode
		ADDED from src/main/AndroidManifest.xml:97:13-67
	android:configChanges
		ADDED from src/main/AndroidManifest.xml:95:13-74
	android:name
		ADDED from src/main/AndroidManifest.xml:94:13-52
activity#ism.manager.login.ChangePasswordActivity
ADDED from src/main/AndroidManifest.xml:98:9-102:70
	android:label
		ADDED from src/main/AndroidManifest.xml:101:13-67
	android:windowSoftInputMode
		ADDED from src/main/AndroidManifest.xml:102:13-67
	android:configChanges
		ADDED from src/main/AndroidManifest.xml:100:13-74
	android:name
		ADDED from src/main/AndroidManifest.xml:99:13-57
activity#ism.manager.baseclasses.AppBaseActivity
ADDED from src/main/AndroidManifest.xml:103:9-65
	android:name
		ADDED from src/main/AndroidManifest.xml:103:19-62
activity#ism.manager.login.ForgotPasswordConfirmationActivity
ADDED from src/main/AndroidManifest.xml:104:9-112:20
	android:label
		ADDED from src/main/AndroidManifest.xml:107:13-67
	android:windowSoftInputMode
		ADDED from src/main/AndroidManifest.xml:108:13-67
	android:configChanges
		ADDED from src/main/AndroidManifest.xml:106:13-74
	android:name
		ADDED from src/main/AndroidManifest.xml:105:13-69
activity#ism.manager.ItemListActivity
ADDED from src/main/AndroidManifest.xml:113:9-116:59
	android:label
		ADDED from src/main/AndroidManifest.xml:115:13-52
	android:theme
		ADDED from src/main/AndroidManifest.xml:116:13-56
	android:name
		ADDED from src/main/AndroidManifest.xml:114:13-45
activity#ism.manager.ItemDetailActivity
ADDED from src/main/AndroidManifest.xml:117:9-126:20
	android:label
		ADDED from src/main/AndroidManifest.xml:120:13-54
	android:parentActivityName
		ADDED from src/main/AndroidManifest.xml:121:13-59
	android:configChanges
		ADDED from src/main/AndroidManifest.xml:119:13-74
	android:theme
		ADDED from src/main/AndroidManifest.xml:122:13-56
	android:name
		ADDED from src/main/AndroidManifest.xml:118:13-47
activity#ism.manager.message.MessageDetailsActivity
ADDED from src/main/AndroidManifest.xml:127:9-135:20
	android:label
		ADDED from src/main/AndroidManifest.xml:130:13-67
	android:configChanges
		ADDED from src/main/AndroidManifest.xml:129:13-74
	android:theme
		ADDED from src/main/AndroidManifest.xml:131:13-56
	android:name
		ADDED from src/main/AndroidManifest.xml:128:13-59
activity#ism.manager.message.ComposeActivity
ADDED from src/main/AndroidManifest.xml:136:9-144:20
	android:label
		ADDED from src/main/AndroidManifest.xml:139:13-59
	android:windowSoftInputMode
		ADDED from src/main/AndroidManifest.xml:140:13-67
	android:configChanges
		ADDED from src/main/AndroidManifest.xml:138:13-74
	android:name
		ADDED from src/main/AndroidManifest.xml:137:13-52
activity#ism.manager.message.ForwardActivity
ADDED from src/main/AndroidManifest.xml:145:9-153:20
	android:label
		ADDED from src/main/AndroidManifest.xml:148:13-59
	android:windowSoftInputMode
		ADDED from src/main/AndroidManifest.xml:149:13-67
	android:configChanges
		ADDED from src/main/AndroidManifest.xml:147:13-74
	android:name
		ADDED from src/main/AndroidManifest.xml:146:13-52
activity#ism.manager.message.AddressBookActivity
ADDED from src/main/AndroidManifest.xml:154:9-157:70
	android:label
		ADDED from src/main/AndroidManifest.xml:156:13-64
	android:windowSoftInputMode
		ADDED from src/main/AndroidManifest.xml:157:13-67
	android:name
		ADDED from src/main/AndroidManifest.xml:155:13-56
activity#ism.manager.message.MandatoryMsgReadStatusActivity
ADDED from src/main/AndroidManifest.xml:158:9-162:70
	android:label
		ADDED from src/main/AndroidManifest.xml:161:13-77
	android:windowSoftInputMode
		ADDED from src/main/AndroidManifest.xml:162:13-67
	android:configChanges
		ADDED from src/main/AndroidManifest.xml:160:13-74
	android:name
		ADDED from src/main/AndroidManifest.xml:159:13-67
activity#ism.manager.message.MandatoryMsgAttachmentActivity
ADDED from src/main/AndroidManifest.xml:163:9-167:70
	android:label
		ADDED from src/main/AndroidManifest.xml:166:13-77
	android:windowSoftInputMode
		ADDED from src/main/AndroidManifest.xml:167:13-67
	android:configChanges
		ADDED from src/main/AndroidManifest.xml:165:13-74
	android:name
		ADDED from src/main/AndroidManifest.xml:164:13-67
activity#ism.manager.message.MandatoryMessageDetailActivity
ADDED from src/main/AndroidManifest.xml:168:9-172:70
	android:label
		ADDED from src/main/AndroidManifest.xml:171:13-72
	android:windowSoftInputMode
		ADDED from src/main/AndroidManifest.xml:172:13-67
	android:configChanges
		ADDED from src/main/AndroidManifest.xml:170:13-74
	android:name
		ADDED from src/main/AndroidManifest.xml:169:13-67
activity#ism.manager.schedule.ScheduleDetailsActivity
ADDED from src/main/AndroidManifest.xml:173:9-181:20
	android:label
		ADDED from src/main/AndroidManifest.xml:176:13-68
	android:windowSoftInputMode
		ADDED from src/main/AndroidManifest.xml:177:13-67
	android:configChanges
		ADDED from src/main/AndroidManifest.xml:175:13-74
	android:name
		ADDED from src/main/AndroidManifest.xml:174:13-61
activity#ism.manager.schedule.RequestOffActivity
ADDED from src/main/AndroidManifest.xml:182:9-190:20
	android:label
		ADDED from src/main/AndroidManifest.xml:185:13-63
	android:windowSoftInputMode
		ADDED from src/main/AndroidManifest.xml:186:13-67
	android:configChanges
		ADDED from src/main/AndroidManifest.xml:184:13-74
	android:name
		ADDED from src/main/AndroidManifest.xml:183:13-56
activity#ism.manager.schedule.ShiftCommentActivity
ADDED from src/main/AndroidManifest.xml:191:9-194:70
	android:windowSoftInputMode
		ADDED from src/main/AndroidManifest.xml:194:13-67
	android:configChanges
		ADDED from src/main/AndroidManifest.xml:193:13-74
	android:name
		ADDED from src/main/AndroidManifest.xml:192:13-58
activity#ism.manager.message.ShiftAcceptCommentActivity
ADDED from src/main/AndroidManifest.xml:195:9-198:70
	android:windowSoftInputMode
		ADDED from src/main/AndroidManifest.xml:198:13-67
	android:configChanges
		ADDED from src/main/AndroidManifest.xml:197:13-74
	android:name
		ADDED from src/main/AndroidManifest.xml:196:13-63
activity#ism.manager.schedule.ScheduleGiveToActivity
ADDED from src/main/AndroidManifest.xml:199:9-203:70
	android:label
		ADDED from src/main/AndroidManifest.xml:202:13-68
	android:windowSoftInputMode
		ADDED from src/main/AndroidManifest.xml:203:13-67
	android:configChanges
		ADDED from src/main/AndroidManifest.xml:201:13-74
	android:name
		ADDED from src/main/AndroidManifest.xml:200:13-60
activity#ism.manager.message.TradeSchedulesListActivity
ADDED from src/main/AndroidManifest.xml:204:9-208:70
	android:label
		ADDED from src/main/AndroidManifest.xml:207:13-72
	android:windowSoftInputMode
		ADDED from src/main/AndroidManifest.xml:208:13-67
	android:configChanges
		ADDED from src/main/AndroidManifest.xml:206:13-74
	android:name
		ADDED from src/main/AndroidManifest.xml:205:13-63
activity#ism.manager.log.LogDetailsActivity
ADDED from src/main/AndroidManifest.xml:209:9-217:20
	android:label
		ADDED from src/main/AndroidManifest.xml:212:13-63
	android:windowSoftInputMode
		ADDED from src/main/AndroidManifest.xml:213:13-67
	android:configChanges
		ADDED from src/main/AndroidManifest.xml:211:13-74
	android:name
		ADDED from src/main/AndroidManifest.xml:210:13-51
service#ism.manager.backgroundservices.NotificationServiceForShift
ADDED from src/main/AndroidManifest.xml:219:9-83
	android:name
		ADDED from src/main/AndroidManifest.xml:219:18-80
service#ism.manager.backgroundservices.ServiceForDocumentRead
ADDED from src/main/AndroidManifest.xml:220:9-78
	android:name
		ADDED from src/main/AndroidManifest.xml:220:18-75
activity#ism.manager.settings.SettingsDetailsActivity
ADDED from src/main/AndroidManifest.xml:222:9-229:20
	android:windowSoftInputMode
		ADDED from src/main/AndroidManifest.xml:225:13-67
	android:configChanges
		ADDED from src/main/AndroidManifest.xml:224:13-74
	android:name
		ADDED from src/main/AndroidManifest.xml:223:13-61
receiver#com.google.android.gms.gcm.GcmReceiver
ADDED from src/main/AndroidManifest.xml:231:9-241:20
	android:exported
		ADDED from src/main/AndroidManifest.xml:233:13-36
	android:permission
		ADDED from src/main/AndroidManifest.xml:234:13-73
	android:name
		ADDED from src/main/AndroidManifest.xml:232:13-66
intent-filter#com.google.android.c2dm.intent.RECEIVE+com.google.android.c2dm.intent.REGISTRATION+ism.manager
ADDED from src/main/AndroidManifest.xml:235:13-240:29
action#com.google.android.c2dm.intent.RECEIVE
ADDED from src/main/AndroidManifest.xml:236:17-81
	android:name
		ADDED from src/main/AndroidManifest.xml:236:25-78
action#com.google.android.c2dm.intent.REGISTRATION
ADDED from src/main/AndroidManifest.xml:237:17-86
	android:name
		ADDED from src/main/AndroidManifest.xml:237:25-83
category#ism.manager
ADDED from src/main/AndroidManifest.xml:239:17-56
	android:name
		ADDED from src/main/AndroidManifest.xml:239:27-53
service#ism.manager.MyGcmListenerService
ADDED from src/main/AndroidManifest.xml:243:9-249:19
	android:exported
		ADDED from src/main/AndroidManifest.xml:245:13-37
	android:name
		ADDED from src/main/AndroidManifest.xml:244:13-49
intent-filter#com.google.android.c2dm.intent.RECEIVE
ADDED from src/main/AndroidManifest.xml:246:13-248:29
service#ism.manager.MyInstanceIDListenerService
ADDED from src/main/AndroidManifest.xml:250:9-256:19
	android:exported
		ADDED from src/main/AndroidManifest.xml:252:13-37
	android:name
		ADDED from src/main/AndroidManifest.xml:251:13-56
intent-filter#com.google.android.gms.iid.InstanceID
ADDED from src/main/AndroidManifest.xml:253:13-255:29
action#com.google.android.gms.iid.InstanceID
ADDED from src/main/AndroidManifest.xml:254:17-80
	android:name
		ADDED from src/main/AndroidManifest.xml:254:25-77
service#ism.manager.RegistrationIntentService
ADDED from src/main/AndroidManifest.xml:257:9-259:40
	android:exported
		ADDED from src/main/AndroidManifest.xml:259:13-37
	android:name
		ADDED from src/main/AndroidManifest.xml:258:13-54
activity#ism.manager.settings.AboutApp_Activity
ADDED from src/main/AndroidManifest.xml:261:9-267:20
	android:label
		ADDED from src/main/AndroidManifest.xml:263:13-42
	android:name
		ADDED from src/main/AndroidManifest.xml:262:13-55
meta-data#io.fabric.ApiKey
ADDED from src/main/AndroidManifest.xml:268:9-270:72
	android:value
		ADDED from src/main/AndroidManifest.xml:270:13-69
	android:name
		ADDED from src/main/AndroidManifest.xml:269:13-44
uses-sdk
INJECTED from src/main/AndroidManifest.xml reason: use-sdk injection requested
MERGED from [com.android.support:multidex:1.0.1] AndroidManifest.xml:18:5-42
MERGED from [com.google.android.gms:play-services-gcm:8.4.0] AndroidManifest.xml:18:5-42
MERGED from [com.google.android.gms:play-services-base:8.4.0] AndroidManifest.xml:18:5-42
MERGED from [com.android.support:design:23.3.0] AndroidManifest.xml:20:5-43
MERGED from [com.android.support:appcompat-v7:23.3.0] AndroidManifest.xml:21:5-23:78
MERGED from [com.android.support:animated-vector-drawable:23.3.0] AndroidManifest.xml:5:5-44
MERGED from [com.android.support:support-vector-drawable:23.3.0] AndroidManifest.xml:5:5-43
MERGED from [com.android.support:recyclerview-v7:23.3.0] AndroidManifest.xml:20:5-43
MERGED from [com.hudomju:swipe-to-dismiss-undo:1.0] AndroidManifest.xml:7:5-9:41
MERGED from [com.crashlytics.sdk.android:crashlytics:2.6.6] AndroidManifest.xml:7:5-43
MERGED from [com.crashlytics.sdk.android:beta:1.2.3] AndroidManifest.xml:7:5-43
MERGED from [com.crashlytics.sdk.android:crashlytics-core:2.3.15] AndroidManifest.xml:50:5-43
MERGED from [com.crashlytics.sdk.android:answers:1.3.11] AndroidManifest.xml:7:5-43
MERGED from [io.fabric.sdk.android:fabric:1.3.15] AndroidManifest.xml:27:5-43
MERGED from [com.google.android.gms:play-services-measurement:8.4.0] AndroidManifest.xml:18:5-42
MERGED from [com.google.android.gms:play-services-basement:8.4.0] AndroidManifest.xml:18:5-42
MERGED from [com.android.support:support-v4:23.3.0] AndroidManifest.xml:20:5-43
	tools:overrideLibrary
		ADDED from [com.android.support:appcompat-v7:23.3.0] AndroidManifest.xml:23:9-75
	android:targetSdkVersion
		INJECTED from src/main/AndroidManifest.xml
		INJECTED from src/main/AndroidManifest.xml
	android:minSdkVersion
		INJECTED from src/main/AndroidManifest.xml
		INJECTED from src/main/AndroidManifest.xml
provider#com.google.android.gms.measurement.AppMeasurementContentProvider
ADDED from [com.google.android.gms:play-services-measurement:8.4.0] AndroidManifest.xml:28:7-31:37
	android:authorities
		ADDED from [com.google.android.gms:play-services-measurement:8.4.0] AndroidManifest.xml:29:11-76
	android:exported
		ADDED from [com.google.android.gms:play-services-measurement:8.4.0] AndroidManifest.xml:31:11-35
	android:name
		ADDED from [com.google.android.gms:play-services-measurement:8.4.0] AndroidManifest.xml:30:11-90
receiver#com.google.android.gms.measurement.AppMeasurementReceiver
ADDED from [com.google.android.gms:play-services-measurement:8.4.0] AndroidManifest.xml:33:7-39:18
	android:enabled
		ADDED from [com.google.android.gms:play-services-measurement:8.4.0] AndroidManifest.xml:35:11-33
	android:name
		ADDED from [com.google.android.gms:play-services-measurement:8.4.0] AndroidManifest.xml:34:11-83
intent-filter#com.google.android.gms.measurement.UPLOAD
ADDED from [com.google.android.gms:play-services-measurement:8.4.0] AndroidManifest.xml:36:9-38:25
action#com.google.android.gms.measurement.UPLOAD
ADDED from [com.google.android.gms:play-services-measurement:8.4.0] AndroidManifest.xml:37:11-77
	android:name
		ADDED from [com.google.android.gms:play-services-measurement:8.4.0] AndroidManifest.xml:37:19-75
service#com.google.android.gms.measurement.AppMeasurementService
ADDED from [com.google.android.gms:play-services-measurement:8.4.0] AndroidManifest.xml:41:7-44:37
	android:enabled
		ADDED from [com.google.android.gms:play-services-measurement:8.4.0] AndroidManifest.xml:43:11-33
	android:exported
		ADDED from [com.google.android.gms:play-services-measurement:8.4.0] AndroidManifest.xml:44:11-35
	android:name
		ADDED from [com.google.android.gms:play-services-measurement:8.4.0] AndroidManifest.xml:42:11-82
meta-data#com.google.android.gms.version
ADDED from [com.google.android.gms:play-services-basement:8.4.0] AndroidManifest.xml:21:9-23:69
	android:value
		ADDED from [com.google.android.gms:play-services-basement:8.4.0] AndroidManifest.xml:23:13-66
	android:name
		ADDED from [com.google.android.gms:play-services-basement:8.4.0] AndroidManifest.xml:22:13-58